2015/06/17 11:42:35 INFO  - jmeter.util.JMeterUtils: Setting Locale to en_US 
2015/06/17 11:42:35 INFO  - jmeter.protocol.http.sampler.HTTPSamplerBase: Cannot find .className property for htmlParser, using default 
2015/06/17 11:42:35 INFO  - jmeter.protocol.http.sampler.HTTPSamplerBase: Parser for text/html is  
2015/06/17 11:42:35 INFO  - jmeter.protocol.http.sampler.HTTPSamplerBase: Parser for application/xhtml+xml is  
2015/06/17 11:42:35 INFO  - jmeter.protocol.http.sampler.HTTPSamplerBase: Parser for application/xml is  
2015/06/17 11:42:35 INFO  - jmeter.protocol.http.sampler.HTTPSamplerBase: Parser for text/xml is  
2015/06/17 11:42:35 INFO  - jmeter.protocol.http.sampler.HTTPSamplerBase: Parser for text/vnd.wap.wml is org.apache.jmeter.protocol.http.parser.RegexpHTMLParser 
2015/06/17 11:42:36 INFO  - jmeter.save.SaveService: Testplan (JMX) version: 2.2. Testlog (JTL) version: 2.2 
2015/06/17 11:42:36 INFO  - jmeter.save.SaveService: Using SaveService properties file encoding UTF-8 
2015/06/17 11:42:36 INFO  - jmeter.save.SaveService: Using SaveService properties version 2.7 
2015/06/17 11:42:36 INFO  - jmeter.save.SaveService: Using SaveService properties file version 1618048 
2015/06/17 11:42:36 WARN  - jmeter.save.SaveService: Bad _version - expected 2.8, found 2.7. 
2015/06/17 11:42:36 INFO  - jmeter.save.SaveService: All converter versions present and correct 
2015/06/17 11:42:36 INFO  - jmeter.engine.StandardJMeterEngine: Running the test! 
2015/06/17 11:42:36 INFO  - jmeter.samplers.SampleEvent: List of sample_variables: [] 
2015/06/17 11:42:36 INFO  - jmeter.samplers.SampleEvent: List of sample_variables: [] 
2015/06/17 11:42:36 INFO  - jmeter.engine.util.CompoundVariable: Note: Function class names must contain the string: '.functions.' 
2015/06/17 11:42:36 INFO  - jmeter.engine.util.CompoundVariable: Note: Function class names must not contain the string: '.gui.' 
2015/06/17 11:42:36 WARN  - jmeter.engine.util.CompoundVariable: Did not find any functions 
2015/06/17 11:42:36 INFO  - jmeter.services.FileServer: Default base='D:\project\jmeter-demo' 
2015/06/17 11:42:36 INFO  - jmeter.engine.StandardJMeterEngine: Starting ThreadGroup: 1 : Example Thread Group 
2015/06/17 11:42:36 INFO  - jmeter.engine.StandardJMeterEngine: Starting 1 threads for group Example Thread Group. 
2015/06/17 11:42:36 INFO  - jmeter.engine.StandardJMeterEngine: Thread will continue on error 
2015/06/17 11:42:36 INFO  - jmeter.threads.ThreadGroup: Starting thread group number 1 threads 1 ramp-up 1 perThread 1000.0 delayedStart=false 
2015/06/17 11:42:36 INFO  - jmeter.threads.JMeterThread: jmeterthread.startearlier=true (see jmeter.properties) 
2015/06/17 11:42:36 INFO  - jmeter.threads.JMeterThread: Running PostProcessors in forward order 
2015/06/17 11:42:36 INFO  - jmeter.threads.ThreadGroup: Started thread group number 1 
2015/06/17 11:42:36 INFO  - jmeter.engine.StandardJMeterEngine: All thread groups have been started 
2015/06/17 11:42:36 INFO  - jmeter.threads.JMeterThread: Thread started: Example Thread Group 1-1 
2015/06/17 11:42:36 INFO  - jmeter.protocol.http.sampler.HTTPHCAbstractImpl: Local host = 101TuanHQ 
2015/06/17 11:42:36 INFO  - jmeter.protocol.http.sampler.HTTPHC4Impl: HTTP request retry count = 0 
2015/06/17 11:42:36 INFO  - jmeter.protocol.http.sampler.HTTPHC4Impl: Setting up HTTPS TrustAll scheme 
2015/06/17 11:42:36 INFO  - jmeter.util.JsseSSLManager: Using default SSL protocol: TLS 
2015/06/17 11:42:36 INFO  - jmeter.util.JsseSSLManager: SSL session context: per-thread 
2015/06/17 11:42:37 INFO  - jmeter.samplers.SampleResult: Note: Sample TimeStamps are START times 
2015/06/17 11:42:37 INFO  - jmeter.samplers.SampleResult: sampleresult.default.encoding is set to ISO-8859-1 
2015/06/17 11:42:37 INFO  - jmeter.samplers.SampleResult: sampleresult.useNanoTime=true 
2015/06/17 11:42:37 INFO  - jmeter.samplers.SampleResult: sampleresult.nanoThreadSleep=5000 
2015/06/17 11:42:39 INFO  - jmeter.threads.JMeterThread: Thread is done: Example Thread Group 1-1 
2015/06/17 11:42:39 INFO  - jmeter.threads.JMeterThread: Thread finished: Example Thread Group 1-1 
2015/06/17 11:42:39 INFO  - jmeter.engine.StandardJMeterEngine: Notifying test listeners of end of test 
2015/06/17 11:42:39 INFO  - jmeter.reporters.Summariser: summary =      2 in     3s =    0.8/s Avg:   564 Min:   238 Max:   891 Err:     0 (0.00%) 
